<?xml version="1.0" encoding="UTF-8"?>
<!-- Generated by org.testng.reporters.JUnitXMLReporter -->
<testsuite hostname="PC281570" name="Test_CNN_PC-Run3" tests="1" failures="1" timestamp="14 May 2018 12:12:42 GMT" time="85.852" errors="0">
  <testcase name="VideoAuto_PC" time="30.26" classname="com.mop.qa.test.bvt.Test_CNN_PC">
    <failure type="java.lang.UnsatisfiedLinkError" message="org.opencv.imgcodecs.Imgcodecs.imread_0(Ljava/lang/String;I)J">
      <![CDATA[java.lang.UnsatisfiedLinkError: org.opencv.imgcodecs.Imgcodecs.imread_0(Ljava/lang/String;I)J
	at org.opencv.imgcodecs.Imgcodecs.imread_0(Native Method)
	at org.opencv.imgcodecs.Imgcodecs.imread(Imgcodecs.java:109)
	at com.mop.qa.pageobject.CnngoPage_Web_Mobile.adValidation_PC(CnngoPage_Web_Mobile.java:122)
	at com.mop.qa.test.bvt.Test_CNN_PC.VideoAuto_PC(Test_CNN_PC.java:19)
	at java.util.concurrent.FutureTask.run(FutureTask.java:266)
	at java.util.concurrent.ThreadPoolExecutor.runWorker(ThreadPoolExecutor.java:1142)
	at java.util.concurrent.ThreadPoolExecutor$Worker.run(ThreadPoolExecutor.java:617)
	at java.lang.Thread.run(Thread.java:745)
... Removed 16 stack frames]]>
    </failure>
  </testcase> <!-- VideoAuto_PC -->
</testsuite> <!-- Test_CNN_PC-Run3 -->
