<?xml version="1.0" encoding="UTF-8"?>
<testng-results skipped="0" failed="0" total="1" passed="1">
  <reporter-output>
  </reporter-output>
  <suite name="Default suite" duration-ms="440952" started-at="2018-11-05T11:30:03Z" finished-at="2018-11-05T11:37:24Z">
    <groups>
    </groups>
    <test name="Default test" duration-ms="440952" started-at="2018-11-05T11:30:03Z" finished-at="2018-11-05T11:37:24Z">
      <class name="com.mop.qa.testrunner.TestRunner">
        <test-method status="PASS" signature="testRun()[pri:0, instance:com.mop.qa.testrunner.TestRunner@4973813a]" name="testRun" duration-ms="440931" started-at="2018-11-05T17:00:03Z" finished-at="2018-11-05T17:07:24Z">
          <reporter-output>
          </reporter-output>
        </test-method> <!-- testRun -->
      </class> <!-- com.mop.qa.testrunner.TestRunner -->
    </test> <!-- Default test -->
  </suite> <!-- Default suite -->
</testng-results>
