-------------------------------------------------------------------------------
Test set: TestSuite
-------------------------------------------------------------------------------
Tests run: 6, Failures: 1, Errors: 0, Skipped: 1, Time elapsed: 56.077 sec <<< FAILURE! - in TestSuite
afterTest(com.mop.qa.test.bvt.Test_CNN_PC)  Time elapsed: 0.021 sec  <<< FAILURE!
java.lang.NullPointerException

