<?xml version="1.0" encoding="UTF-8"?>
<testng-results skipped="0" failed="0" total="4" passed="4">
  <reporter-output>
  </reporter-output>
  <suite name="Surefire suite" duration-ms="54875" started-at="2018-02-19T13:35:40Z" finished-at="2018-02-19T13:36:35Z">
    <groups>
    </groups>
    <test name="Surefire test" duration-ms="54875" started-at="2018-02-19T13:35:40Z" finished-at="2018-02-19T13:36:35Z">
      <class name="com.mop.qa.testrunner.TestRunner">
        <test-method status="PASS" signature="testRun()[pri:0, instance:com.mop.qa.testrunner.TestRunner@3fee9989]" name="testRun" duration-ms="48444" started-at="2018-02-19T19:05:40Z" finished-at="2018-02-19T19:06:29Z">
          <reporter-output>
          </reporter-output>
        </test-method> <!-- testRun -->
      </class> <!-- com.mop.qa.testrunner.TestRunner -->
      <class name="com.mop.qa.test.bvt.Test_Xfinity_Web">
        <test-method status="PASS" signature="VideoAuto_PC()[pri:0, instance:com.mop.qa.test.bvt.Test_Xfinity_Web@59ec2012]" name="VideoAuto_PC" duration-ms="6" started-at="2018-02-19T19:06:35Z" finished-at="2018-02-19T19:06:35Z">
          <reporter-output>
          </reporter-output>
        </test-method> <!-- VideoAuto_PC -->
      </class> <!-- com.mop.qa.test.bvt.Test_Xfinity_Web -->
      <class name="com.mop.qa.test.bvt.Test_CNN_PC">
        <test-method status="PASS" signature="executeSuite(org.testng.ITestContext)[pri:0, instance:com.mop.qa.test.bvt.Test_CNN_PC@f6c48ac]" name="executeSuite" is-config="true" duration-ms="595" started-at="2018-02-19T19:05:39Z" finished-at="2018-02-19T19:05:40Z">
          <params>
            <param index="0">
              <value>
                <![CDATA[org.testng.TestRunner@1643d68f]]>
              </value>
            </param>
          </params>
          <reporter-output>
          </reporter-output>
        </test-method> <!-- executeSuite -->
        <test-method status="PASS" signature="startTestReport(org.testng.ITestContext)[pri:0, instance:com.mop.qa.test.bvt.Test_CNN_PC@f6c48ac]" name="startTestReport" is-config="true" duration-ms="362" started-at="2018-02-19T19:05:40Z" finished-at="2018-02-19T19:05:40Z">
          <params>
            <param index="0">
              <value>
                <![CDATA[org.testng.TestRunner@1643d68f]]>
              </value>
            </param>
          </params>
          <reporter-output>
          </reporter-output>
        </test-method> <!-- startTestReport -->
        <test-method status="PASS" signature="VideoAuto_PC()[pri:0, instance:com.mop.qa.test.bvt.Test_CNN_PC@f6c48ac]" name="VideoAuto_PC" duration-ms="3005" started-at="2018-02-19T19:06:32Z" finished-at="2018-02-19T19:06:35Z">
          <reporter-output>
          </reporter-output>
        </test-method> <!-- VideoAuto_PC -->
        <test-method status="FAIL" signature="afterTest()[pri:0, instance:com.mop.qa.test.bvt.Test_CNN_PC@f6c48ac]" name="afterTest" is-config="true" duration-ms="0" started-at="2018-02-19T19:06:35Z" finished-at="2018-02-19T19:06:35Z">
          <exception class="java.lang.NullPointerException">
            <full-stacktrace>
              <![CDATA[java.lang.NullPointerException
	at com.mop.qa.testbase.TestBase.afterTest(TestBase.java:176)
	at sun.reflect.NativeMethodAccessorImpl.invoke0(Native Method)
	at sun.reflect.NativeMethodAccessorImpl.invoke(NativeMethodAccessorImpl.java:62)
	at sun.reflect.DelegatingMethodAccessorImpl.invoke(DelegatingMethodAccessorImpl.java:43)
	at java.lang.reflect.Method.invoke(Method.java:498)
	at org.testng.internal.MethodInvocationHelper.invokeMethod(MethodInvocationHelper.java:84)
	at org.testng.internal.Invoker.invokeConfigurationMethod(Invoker.java:564)
	at org.testng.internal.Invoker.invokeConfigurations(Invoker.java:213)
	at org.testng.internal.Invoker.invokeConfigurations(Invoker.java:138)
	at org.testng.TestRunner.afterRun(TestRunner.java:1014)
	at org.testng.TestRunner.run(TestRunner.java:621)
	at org.testng.SuiteRunner.runTest(SuiteRunner.java:348)
	at org.testng.SuiteRunner.runSequentially(SuiteRunner.java:343)
	at org.testng.SuiteRunner.privateRun(SuiteRunner.java:305)
	at org.testng.SuiteRunner.run(SuiteRunner.java:254)
	at org.testng.SuiteRunnerWorker.runSuite(SuiteRunnerWorker.java:52)
	at org.testng.SuiteRunnerWorker.run(SuiteRunnerWorker.java:86)
	at org.testng.TestNG.runSuitesSequentially(TestNG.java:1224)
	at org.testng.TestNG.runSuitesLocally(TestNG.java:1149)
	at org.testng.TestNG.run(TestNG.java:1057)
	at org.apache.maven.surefire.testng.TestNGExecutor.run(TestNGExecutor.java:132)
	at org.apache.maven.surefire.testng.TestNGDirectoryTestSuite.executeMulti(TestNGDirectoryTestSuite.java:193)
	at org.apache.maven.surefire.testng.TestNGDirectoryTestSuite.execute(TestNGDirectoryTestSuite.java:94)
	at org.apache.maven.surefire.testng.TestNGProvider.invoke(TestNGProvider.java:147)
	at org.apache.maven.surefire.booter.ForkedBooter.invokeProviderInSameClassLoader(ForkedBooter.java:290)
	at org.apache.maven.surefire.booter.ForkedBooter.runSuitesInProcess(ForkedBooter.java:242)
	at org.apache.maven.surefire.booter.ForkedBooter.main(ForkedBooter.java:121)
]]>
            </full-stacktrace>
          </exception> <!-- java.lang.NullPointerException -->
          <reporter-output>
          </reporter-output>
        </test-method> <!-- afterTest -->
        <test-method status="SKIP" signature="finishExecution()[pri:0, instance:com.mop.qa.test.bvt.Test_CNN_PC@f6c48ac]" name="finishExecution" is-config="true" duration-ms="0" started-at="2018-02-19T19:06:35Z" finished-at="2018-02-19T19:06:35Z">
          <reporter-output>
          </reporter-output>
        </test-method> <!-- finishExecution -->
      </class> <!-- com.mop.qa.test.bvt.Test_CNN_PC -->
      <class name="com.mop.qa.test.bvt.Test_CNN_Mobile">
        <test-method status="PASS" signature="VideoAuto_Mobile()[pri:0, instance:com.mop.qa.test.bvt.Test_CNN_Mobile@2f686d1f]" name="VideoAuto_Mobile" duration-ms="3007" started-at="2018-02-19T19:06:29Z" finished-at="2018-02-19T19:06:32Z">
          <reporter-output>
          </reporter-output>
        </test-method> <!-- VideoAuto_Mobile -->
      </class> <!-- com.mop.qa.test.bvt.Test_CNN_Mobile -->
    </test> <!-- Surefire test -->
  </suite> <!-- Surefire suite -->
</testng-results>
