<?xml version="1.0" encoding="UTF-8"?>
<testsuite xmlns:xsi="http://www.w3.org/2001/XMLSchema-instance" xsi:schemaLocation="https://maven.apache.org/surefire/maven-surefire-plugin/xsd/surefire-test-report.xsd" name="TestSuite" time="56.077" tests="6" errors="0" skipped="1" failures="1">
  <properties>
[...]
</properties>
  <testcase name="testRun" classname="com.mop.qa.testrunner.TestRunner" time="48.444"/>
  <testcase name="VideoAuto_Mobile" classname="com.mop.qa.test.bvt.Test_CNN_Mobile" time="3.005"/>
  <testcase name="VideoAuto_PC" classname="com.mop.qa.test.bvt.Test_CNN_PC" time="3.005"/>
  <testcase name="VideoAuto_PC" classname="com.mop.qa.test.bvt.Test_Xfinity_Web" time="0.01"/>
  <testcase name="afterTest" classname="com.mop.qa.test.bvt.Test_CNN_PC" time="0.021">
    <failure type="java.lang.NullPointerException">java.lang.NullPointerException
</failure>
  </testcase>
  <testcase name="finishExecution" classname="com.mop.qa.test.bvt.Test_CNN_PC" time="0">
    <skipped/>
  </testcase>
</testsuite>