<?xml version="1.0" encoding="UTF-8"?>
<!-- Generated by org.testng.reporters.JUnitXMLReporter -->
<testsuite hostname="PC281570" name="Surefire test" tests="4" failures="0" timestamp="19 Feb 2018 13:36:35 GMT" time="54.875" errors="0">
  <testcase name="@AfterTest afterTest" time="0.0" classname="com.mop.qa.test.bvt.Test_CNN_PC">
    <failure type="java.lang.NullPointerException">
      <![CDATA[java.lang.NullPointerException
	at com.mop.qa.testbase.TestBase.afterTest(TestBase.java:176)
... Removed 26 stack frames]]>
    </failure>
  </testcase> <!-- @AfterTest afterTest -->
  <testcase name="testRun" time="48.444" classname="com.mop.qa.testrunner.TestRunner"/>
  <testcase name="VideoAuto_Mobile" time="3.007" classname="com.mop.qa.test.bvt.Test_CNN_Mobile"/>
  <testcase name="VideoAuto_PC" time="3.005" classname="com.mop.qa.test.bvt.Test_CNN_PC"/>
  <testcase name="VideoAuto_PC" time="0.006" classname="com.mop.qa.test.bvt.Test_Xfinity_Web"/>
</testsuite> <!-- Surefire test -->
