<?xml version="1.0" encoding="UTF-8"?>
<!-- Generated by org.testng.reporters.JUnitXMLReporter -->
<testsuite hostname="IMEs-Mac-mini.local" name="Command line test cae280ae-ea97-467e-9800-e95eae575b3f" tests="1" failures="0" timestamp="12 Sep 2017 10:58:53 GMT" time="164.201" errors="0">
  <testcase name="@AfterTest afterTest" time="0.0" classname="com.mop.qa.test.bvt.Test_NBC">
    <failure type="org.openqa.selenium.WebDriverException" message="An unknown server-side error occurred while processing the command. Original error: Error while executing atom: operation timed out (WARNING: The server did not provide any stacktrace information)
Command duration or timeout: 5.05 seconds
Build info: version: &amp;apos;2.53.1&amp;apos;, revision: &amp;apos;a36b8b1cd5757287168e54b817830adce9b0158d&amp;apos;, time: &amp;apos;2016-06-30 19:26:09&amp;apos;
System info: host: &amp;apos;IMEs-Mac-mini.local&amp;apos;, ip: &amp;apos;10.242.193.111&amp;apos;, os.name: &amp;apos;Mac OS X&amp;apos;, os.arch: &amp;apos;x86_64&amp;apos;, os.version: &amp;apos;10.12&amp;apos;, java.version: &amp;apos;1.8.0_65&amp;apos;
Driver info: io.appium.java_client.ios.IOSDriver
Capabilities [{networkConnectionEnabled=false, databaseEnabled=false, deviceName=IME&amp;apos;s iPhone, platform=MAC, newCommandTimeout=20000, platformVersion=10.0.2, webStorageEnabled=false, locationContextEnabled=false, automationName=XCUITest, browserName=Safari, takesScreenshot=true, javascriptEnabled=true, platformName=iOS, udid=c5b4d71da62bad461dc5d5ff1b646ab95b028667, safariInitialUrl=https://www.nbcnews.com}]
Session ID: a73ac110-d00a-4f15-9c08-a28d0ffb0916">
      <![CDATA[org.openqa.selenium.WebDriverException: An unknown server-side error occurred while processing the command. Original error: Error while executing atom: operation timed out (WARNING: The server did not provide any stacktrace information)
Command duration or timeout: 5.05 seconds
Build info: version: '2.53.1', revision: 'a36b8b1cd5757287168e54b817830adce9b0158d', time: '2016-06-30 19:26:09'
System info: host: 'IMEs-Mac-mini.local', ip: '10.242.193.111', os.name: 'Mac OS X', os.arch: 'x86_64', os.version: '10.12', java.version: '1.8.0_65'
Driver info: io.appium.java_client.ios.IOSDriver
Capabilities [{networkConnectionEnabled=false, databaseEnabled=false, deviceName=IME's iPhone, platform=MAC, newCommandTimeout=20000, platformVersion=10.0.2, webStorageEnabled=false, locationContextEnabled=false, automationName=XCUITest, browserName=Safari, takesScreenshot=true, javascriptEnabled=true, platformName=iOS, udid=c5b4d71da62bad461dc5d5ff1b646ab95b028667, safariInitialUrl=https://www.nbcnews.com}]
Session ID: a73ac110-d00a-4f15-9c08-a28d0ffb0916
	at org.openqa.selenium.remote.ErrorHandler.createThrowable(ErrorHandler.java:206)
	at org.openqa.selenium.remote.ErrorHandler.throwIfResponseFailed(ErrorHandler.java:158)
	at org.openqa.selenium.remote.RemoteWebDriver.execute(RemoteWebDriver.java:678)
	at io.appium.java_client.DefaultGenericMobileDriver.execute(DefaultGenericMobileDriver.java:42)
	at io.appium.java_client.AppiumDriver.execute(AppiumDriver.java:189)
	at org.openqa.selenium.remote.RemoteWebDriver.close(RemoteWebDriver.java:521)
	at com.mop.qa.testbase.TestBase.afterTest(TestBase.java:175)
	at java.util.concurrent.FutureTask.run(FutureTask.java:266)
	at java.util.concurrent.ThreadPoolExecutor.runWorker(ThreadPoolExecutor.java:1142)
	at java.util.concurrent.ThreadPoolExecutor$Worker.run(ThreadPoolExecutor.java:617)
	at java.lang.Thread.run(Thread.java:745)
... Removed 18 stack frames]]>
    </failure>
  </testcase> <!-- @AfterTest afterTest -->
  <testcase name="testNBC" time="64.353" classname="com.mop.qa.test.bvt.Test_NBC"/>
</testsuite> <!-- Command line test cae280ae-ea97-467e-9800-e95eae575b3f -->
