<?xml version="1.0" encoding="UTF-8"?>
<!-- Generated by org.testng.reporters.JUnitXMLReporter -->
<testsuite hostname="PC281570" name="Command line test 93987d2e-9751-4090-b961-40d0eea8a6e8" tests="1" failures="0" timestamp="14 May 2018 07:33:05 GMT" time="6.706" errors="0">
  <testcase name="@AfterTest afterTest" time="0.0" classname="STBT_Roku.TestRun">
    <failure type="java.lang.NullPointerException">
      <![CDATA[java.lang.NullPointerException
	at setup.TestBase.afterTest(TestBase.java:185)
	at com.mop.qa.testrunner.TestRunner.testRun(TestRunner.java:164)
... Removed 43 stack frames]]>
    </failure>
  </testcase> <!-- @AfterTest afterTest -->
  <testcase name="run" time="0.523" classname="STBT_Roku.TestRun"/>
</testsuite> <!-- Command line test 93987d2e-9751-4090-b961-40d0eea8a6e8 -->
