<?xml version="1.0" encoding="UTF-8"?>
<!-- Generated by org.testng.reporters.JUnitXMLReporter -->
<testsuite hostname="PC281570" name="Command line test 654f12a3-9ead-485d-8cf9-ecd8db59d25b" tests="1" failures="0" timestamp="14 May 2018 07:04:22 GMT" time="0.606" errors="0">
  <testcase name="@BeforeTest executeSuite" time="0.0" classname="STBT_Roku.TestRun">
    <failure type="java.lang.NoClassDefFoundError" message="org/eclipse/jgit/api/Git">
      <![CDATA[java.lang.NoClassDefFoundError: org/eclipse/jgit/api/Git
	at setup.gitpush.pushtoRemote(gitpush.java:15)
	at setup.TestBase.executeSuite(TestBase.java:71)
	at com.mop.qa.testrunner.TestRunner.testRun(TestRunner.java:164)
Caused by: java.lang.ClassNotFoundException: org.eclipse.jgit.api.Git
	at java.net.URLClassLoader.findClass(URLClassLoader.java:381)
	at java.lang.ClassLoader.loadClass(ClassLoader.java:424)
	at sun.misc.Launcher$AppClassLoader.loadClass(Launcher.java:331)
	at java.lang.ClassLoader.loadClass(ClassLoader.java:357)
	... 46 more
... Removed 43 stack frames]]>
    </failure>
  </testcase> <!-- @BeforeTest executeSuite -->
  <testcase name="@AfterTest afterTest" time="0.0" classname="STBT_Roku.TestRun">
    <skipped/>
  </testcase> <!-- @AfterTest afterTest -->
  <testcase name="run" time="0.001" classname="STBT_Roku.TestRun">
    <skipped/>
  </testcase> <!-- run -->
</testsuite> <!-- Command line test 654f12a3-9ead-485d-8cf9-ecd8db59d25b -->
