<?xml version="1.0" encoding="UTF-8"?>
<!-- Generated by org.testng.reporters.JUnitXMLReporter -->
<testsuite hostname="PC150742" name="Command line test 431a68d6-d1c4-477b-aea3-8c234ce6970a" tests="1" failures="0" timestamp="4 Oct 2017 11:53:46 GMT" time="20.821" errors="0">
  <testcase name="@AfterTest afterTest" time="0.0" classname="STBT_Roku.TestRun">
    <failure type="java.lang.NullPointerException">
      <![CDATA[java.lang.NullPointerException
	at setup.TestBase.afterTest(TestBase.java:151)
	at com.mop.qa.testrunner.TestRunner.testRun(TestRunner.java:166)
... Removed 43 stack frames]]>
    </failure>
  </testcase> <!-- @AfterTest afterTest -->
  <testcase name="run" time="0.541" classname="STBT_Roku.TestRun"/>
</testsuite> <!-- Command line test 431a68d6-d1c4-477b-aea3-8c234ce6970a -->
