<?xml version="1.0" encoding="UTF-8"?>
<!-- Generated by org.testng.reporters.JUnitXMLReporter -->
<testsuite hostname="PC281570" name="Command line test c516e3cd-a494-49f9-aede-b8aba9c273a7" tests="1" failures="0" timestamp="14 May 2018 07:34:58 GMT" time="4.805" errors="0">
  <testcase name="@BeforeTest executeSuite" time="0.0" classname="STBT_Roku.TestRun">
    <failure type="java.lang.NoSuchMethodError" message="org.openqa.selenium.chrome.ChromeOptions.addArguments([Ljava/lang/String;)V">
      <![CDATA[java.lang.NoSuchMethodError: org.openqa.selenium.chrome.ChromeOptions.addArguments([Ljava/lang/String;)V
	at setup.TestBase.executeSuite(TestBase.java:79)
	at com.mop.qa.testrunner.TestRunner.testRun(TestRunner.java:164)
... Removed 43 stack frames]]>
    </failure>
  </testcase> <!-- @BeforeTest executeSuite -->
  <testcase name="@AfterTest afterTest" time="0.0" classname="STBT_Roku.TestRun">
    <skipped/>
  </testcase> <!-- @AfterTest afterTest -->
  <testcase name="run" time="0.0" classname="STBT_Roku.TestRun">
    <skipped/>
  </testcase> <!-- run -->
</testsuite> <!-- Command line test c516e3cd-a494-49f9-aede-b8aba9c273a7 -->
