<?xml version="1.0" encoding="UTF-8"?>
<!-- Generated by org.testng.reporters.JUnitXMLReporter -->
<testsuite hostname="DESKTOP-593KBMN" name="Test_MSOutlook_Mobile-Run1" tests="1" failures="0" timestamp="5 Nov 2018 11:37:24 GMT" time="439.875" errors="0">
  <testcase name="@AfterTest afterTest" time="0.0" classname="com.mop.qa.test.bvt.Test_MSOutlook_Mobile">
    <failure type="org.openqa.selenium.WebDriverException" message="Not yet implemented. Please help us: http://appium.io/get-involved.html (WARNING: The server did not provide any stacktrace information)
Command duration or timeout: 7 milliseconds
Build info: version: &amp;apos;2.53.1&amp;apos;, revision: &amp;apos;a36b8b1&amp;apos;, time: &amp;apos;2016-06-30 17:37:03&amp;apos;
System info: host: &amp;apos;DESKTOP-593KBMN&amp;apos;, ip: &amp;apos;172.25.231.165&amp;apos;, os.name: &amp;apos;Windows 10&amp;apos;, os.arch: &amp;apos;amd64&amp;apos;, os.version: &amp;apos;10.0&amp;apos;, java.version: &amp;apos;1.8.0_151&amp;apos;
Driver info: io.appium.java_client.android.AndroidDriver
Capabilities [{app=null, appPackage=com.microsoft.office.outlook.dawg, networkConnectionEnabled=true, noReset=true, noSign=true, warnings={}, databaseEnabled=false, deviceName=a004fab8, platform=LINUX, appActivity=com.microsoft.office.outlook.MainActivity, desired={app=null, appPackage=com.microsoft.office.outlook.dawg, appActivity=com.microsoft.office.outlook.MainActivity, appium-version=1.0, noReset=true, noSign=true, platformName=Android, udid=a004fab8, deviceName=Manu}, appium-version=1.0, platformVersion=6.0.1, webStorageEnabled=false, locationContextEnabled=false, browserName=Android, takesScreenshot=true, javascriptEnabled=true, platformName=Android, udid=a004fab8}]
Session ID: cfba79ae-8318-48e0-b202-efc0834f4b6f">
      <![CDATA[org.openqa.selenium.WebDriverException: Not yet implemented. Please help us: http://appium.io/get-involved.html (WARNING: The server did not provide any stacktrace information)
Command duration or timeout: 7 milliseconds
Build info: version: '2.53.1', revision: 'a36b8b1', time: '2016-06-30 17:37:03'
System info: host: 'DESKTOP-593KBMN', ip: '172.25.231.165', os.name: 'Windows 10', os.arch: 'amd64', os.version: '10.0', java.version: '1.8.0_151'
Driver info: io.appium.java_client.android.AndroidDriver
Capabilities [{app=null, appPackage=com.microsoft.office.outlook.dawg, networkConnectionEnabled=true, noReset=true, noSign=true, warnings={}, databaseEnabled=false, deviceName=a004fab8, platform=LINUX, appActivity=com.microsoft.office.outlook.MainActivity, desired={app=null, appPackage=com.microsoft.office.outlook.dawg, appActivity=com.microsoft.office.outlook.MainActivity, appium-version=1.0, noReset=true, noSign=true, platformName=Android, udid=a004fab8, deviceName=Manu}, appium-version=1.0, platformVersion=6.0.1, webStorageEnabled=false, locationContextEnabled=false, browserName=Android, takesScreenshot=true, javascriptEnabled=true, platformName=Android, udid=a004fab8}]
Session ID: cfba79ae-8318-48e0-b202-efc0834f4b6f
	at org.openqa.selenium.remote.ErrorHandler.createThrowable(ErrorHandler.java:206)
	at org.openqa.selenium.remote.ErrorHandler.throwIfResponseFailed(ErrorHandler.java:158)
	at org.openqa.selenium.remote.RemoteWebDriver.execute(RemoteWebDriver.java:678)
	at io.appium.java_client.DefaultGenericMobileDriver.execute(DefaultGenericMobileDriver.java:42)
	at io.appium.java_client.AppiumDriver.execute(AppiumDriver.java:189)
	at org.openqa.selenium.remote.RemoteWebDriver.close(RemoteWebDriver.java:521)
	at com.mop.qa.testbase.TestBase.afterTest(TestBase.java:137)
	at com.mop.qa.testrunner.TestRunner.testRun(TestRunner.java:166)
... Removed 47 stack frames]]>
    </failure>
  </testcase> <!-- @AfterTest afterTest -->
  <testcase name="MSOutlook_Mobile" time="412.919" classname="com.mop.qa.test.bvt.Test_MSOutlook_Mobile"/>
</testsuite> <!-- Test_MSOutlook_Mobile-Run1 -->
