<?xml version="1.0" encoding="UTF-8"?>
<!-- Generated by org.testng.reporters.JUnitXMLReporter -->
<testsuite hostname="PC281570" name="Test_NBC_PC-Run1" tests="1" failures="0" timestamp="14 May 2018 11:34:17 GMT" time="0.0" errors="0">
  <testcase name="@BeforeTest startTestReport" time="0.0" classname="com.mop.qa.test.bvt.Test_NBC_PC">
    <failure type="java.lang.UnsatisfiedLinkError" message="no opencv_java320 in java.library.path">
      <![CDATA[java.lang.UnsatisfiedLinkError: no opencv_java320 in java.library.path
	at java.lang.ClassLoader.loadLibrary(ClassLoader.java:1867)
	at java.lang.Runtime.loadLibrary0(Runtime.java:870)
	at java.lang.System.loadLibrary(System.java:1122)
	at com.mop.qa.testbase.TestBase.startTestReport(TestBase.java:74)
	at com.mop.qa.testrunner.TestRunner.testRun(TestRunner.java:166)
... Removed 43 stack frames]]>
    </failure>
  </testcase> <!-- @BeforeTest startTestReport -->
  <testcase name="@AfterTest afterTest" time="0.0" classname="com.mop.qa.test.bvt.Test_NBC_PC">
    <skipped/>
  </testcase> <!-- @AfterTest afterTest -->
  <testcase name="VideoAuto_PC" time="0.0" classname="com.mop.qa.test.bvt.Test_NBC_PC">
    <skipped/>
  </testcase> <!-- VideoAuto_PC -->
</testsuite> <!-- Test_NBC_PC-Run1 -->
